<?xml version="1.0" encoding="UTF-8"?>
<!-- Generated by org.testng.reporters.JUnitReportReporter -->
<testsuite hostname="sony-VAIO" name="test.SampleTest" tests="1" failures="0" timestamp="6 Jul 2016 15:35:47 GMT" time="0.031" errors="0">
  <testcase name="sampleExample" time="0.031" classname="test.SampleTest"/>
</testsuite> <!-- test.SampleTest -->
